This file contains any messages produced by compilers while
running configure, to aid debugging if configure makes a mistake.

It was created by yourfs configure 1.0.0, which was
generated by GNU Autoconf 2.71.  Invocation command line was

  $ ./configure --with-postgres --with-sqlite3 --with-plat=ubuntu

## --------- ##
## Platform. ##
## --------- ##

hostname = hanjun
uname -m = x86_64
uname -r = 6.5.0-45-generic
uname -s = Linux
uname -v = #45~22.04.1-Ubuntu SMP PREEMPT_DYNAMIC Mon Jul 15 16:40:02 UTC 2

/usr/bin/uname -p = x86_64
/bin/uname -X     = unknown

/bin/arch              = x86_64
/usr/bin/arch -k       = unknown
/usr/convex/getsysinfo = unknown
/usr/bin/hostinfo      = unknown
/bin/machine           = unknown
/usr/bin/oslevel       = unknown
/bin/universe          = unknown

PATH: /usr/local/sbin/
PATH: /usr/local/bin/
PATH: /usr/sbin/
PATH: /usr/bin/
PATH: /sbin/
PATH: /bin/
PATH: /usr/games/
PATH: /usr/local/games/
PATH: /snap/bin/
PATH: /snap/bin/
PATH: /usr/local/go/bin/


## ----------- ##
## Core tests. ##
## ----------- ##

configure:2378: looking for aux files: ltmain.sh compile ar-lib config.guess config.sub missing install-sh
configure:2391:  trying ./
configure:2420:   ./ltmain.sh found
configure:2420:   ./compile found
configure:2420:   ./ar-lib found
configure:2420:   ./config.guess found
configure:2420:   ./config.sub found
configure:2420:   ./missing found
configure:2402:   ./install-sh found
configure:2549: checking for a BSD-compatible install
configure:2622: result: /usr/bin/install -c
configure:2633: checking whether build environment is sane
configure:2688: result: yes
configure:2847: checking for a race-free mkdir -p
configure:2891: result: /usr/bin/mkdir -p
configure:2898: checking for gawk
configure:2933: result: no
configure:2898: checking for mawk
configure:2919: found /usr/bin/mawk
configure:2930: result: mawk
configure:2941: checking whether make sets $(MAKE)
configure:2964: result: yes
configure:2994: checking whether make supports nested variables
configure:3012: result: yes
configure:3154: checking build system type
configure:3169: result: x86_64-pc-linux-gnu
configure:3189: checking host system type
configure:3203: result: x86_64-pc-linux-gnu
configure:3238: checking whether make supports the include directive
configure:3253: make -f confmf.GNU && cat confinc.out
this is the am__doit target
configure:3256: $? = 0
configure:3275: result: yes (GNU style)
configure:3351: checking for gcc
configure:3372: found /usr/bin/gcc
configure:3383: result: gcc
configure:3736: checking for C compiler version
configure:3745: gcc --version >&5
gcc (Ubuntu 12.3.0-1ubuntu1~22.04) 12.3.0
Copyright (C) 2022 Free Software Foundation, Inc.
This is free software; see the source for copying conditions.  There is NO
warranty; not even for MERCHANTABILITY or FITNESS FOR A PARTICULAR PURPOSE.

configure:3756: $? = 0
configure:3745: gcc -v >&5
Using built-in specs.
COLLECT_GCC=gcc
COLLECT_LTO_WRAPPER=/usr/lib/gcc/x86_64-linux-gnu/12/lto-wrapper
OFFLOAD_TARGET_NAMES=nvptx-none:amdgcn-amdhsa
OFFLOAD_TARGET_DEFAULT=1
Target: x86_64-linux-gnu
Configured with: ../src/configure -v --with-pkgversion='Ubuntu 12.3.0-1ubuntu1~22.04' --with-bugurl=file:///usr/share/doc/gcc-12/README.Bugs --enable-languages=c,ada,c++,go,d,fortran,objc,obj-c++,m2 --prefix=/usr --with-gcc-major-version-only --program-suffix=-12 --program-prefix=x86_64-linux-gnu- --enable-shared --enable-linker-build-id --libexecdir=/usr/lib --without-included-gettext --enable-threads=posix --libdir=/usr/lib --enable-nls --enable-clocale=gnu --enable-libstdcxx-debug --enable-libstdcxx-time=yes --with-default-libstdcxx-abi=new --enable-gnu-unique-object --disable-vtable-verify --enable-plugin --enable-default-pie --with-system-zlib --enable-libphobos-checking=release --with-target-system-zlib=auto --enable-objc-gc=auto --enable-multiarch --disable-werror --enable-cet --with-arch-32=i686 --with-abi=m64 --with-multilib-list=m32,m64,mx32 --enable-multilib --with-tune=generic --enable-offload-targets=nvptx-none=/build/gcc-12-ALHxjy/gcc-12-12.3.0/debian/tmp-nvptx/usr,amdgcn-amdhsa=/build/gcc-12-ALHxjy/gcc-12-12.3.0/debian/tmp-gcn/usr --enable-offload-defaulted --without-cuda-driver --enable-checking=release --build=x86_64-linux-gnu --host=x86_64-linux-gnu --target=x86_64-linux-gnu
Thread model: posix
Supported LTO compression algorithms: zlib zstd
gcc version 12.3.0 (Ubuntu 12.3.0-1ubuntu1~22.04) 
... rest of stderr output deleted ...
configure:3756: $? = 0
configure:3745: gcc -V >&5
gcc: error: unrecognized command-line option '-V'
gcc: fatal error: no input files
compilation terminated.
configure:3756: $? = 1
configure:3745: gcc -qversion >&5
gcc: error: unrecognized command-line option '-qversion'; did you mean '--version'?
gcc: fatal error: no input files
compilation terminated.
configure:3756: $? = 1
configure:3745: gcc -version >&5
gcc: error: unrecognized command-line option '-version'
gcc: fatal error: no input files
compilation terminated.
configure:3756: $? = 1
configure:3776: checking whether the C compiler works
configure:3798: gcc    conftest.c  >&5
configure:3802: $? = 0
configure:3852: result: yes
configure:3855: checking for C compiler default output file name
configure:3857: result: a.out
configure:3863: checking for suffix of executables
configure:3870: gcc -o conftest    conftest.c  >&5
configure:3874: $? = 0
configure:3897: result: 
configure:3919: checking whether we are cross compiling
configure:3927: gcc -o conftest    conftest.c  >&5
configure:3931: $? = 0
configure:3938: ./conftest
configure:3942: $? = 0
configure:3957: result: no
configure:3962: checking for suffix of object files
configure:3985: gcc -c   conftest.c >&5
configure:3989: $? = 0
configure:4011: result: o
configure:4015: checking whether the compiler supports GNU C
configure:4035: gcc -c   conftest.c >&5
configure:4035: $? = 0
configure:4045: result: yes
configure:4056: checking whether gcc accepts -g
configure:4077: gcc -c -g  conftest.c >&5
configure:4077: $? = 0
configure:4121: result: yes
configure:4141: checking for gcc option to enable C11 features
configure:4156: gcc  -c -g -O2  conftest.c >&5
configure:4156: $? = 0
configure:4174: result: none needed
configure:4290: checking whether gcc understands -c and -o together
configure:4313: gcc -c conftest.c -o conftest2.o
configure:4316: $? = 0
configure:4313: gcc -c conftest.c -o conftest2.o
configure:4316: $? = 0
configure:4328: result: yes
configure:4347: checking dependency style of gcc
configure:4459: result: gcc3
configure:4530: checking for ar
configure:4551: found /usr/bin/ar
configure:4562: result: ar
configure:4588: checking the archiver (ar) interface
configure:4605: gcc -c -g -O2  conftest.c >&5
configure:4605: $? = 0
configure:4608: ar cru libconftest.a conftest.o >&5
ar: `u' modifier ignored since `D' is the default (see `U')
configure:4611: $? = 0
configure:4639: result: ar
configure:4716: checking for gcc
configure:4748: result: gcc
configure:5101: checking for C compiler version
configure:5110: gcc --version >&5
gcc (Ubuntu 12.3.0-1ubuntu1~22.04) 12.3.0
Copyright (C) 2022 Free Software Foundation, Inc.
This is free software; see the source for copying conditions.  There is NO
warranty; not even for MERCHANTABILITY or FITNESS FOR A PARTICULAR PURPOSE.

configure:5121: $? = 0
configure:5110: gcc -v >&5
Using built-in specs.
COLLECT_GCC=gcc
COLLECT_LTO_WRAPPER=/usr/lib/gcc/x86_64-linux-gnu/12/lto-wrapper
OFFLOAD_TARGET_NAMES=nvptx-none:amdgcn-amdhsa
OFFLOAD_TARGET_DEFAULT=1
Target: x86_64-linux-gnu
Configured with: ../src/configure -v --with-pkgversion='Ubuntu 12.3.0-1ubuntu1~22.04' --with-bugurl=file:///usr/share/doc/gcc-12/README.Bugs --enable-languages=c,ada,c++,go,d,fortran,objc,obj-c++,m2 --prefix=/usr --with-gcc-major-version-only --program-suffix=-12 --program-prefix=x86_64-linux-gnu- --enable-shared --enable-linker-build-id --libexecdir=/usr/lib --without-included-gettext --enable-threads=posix --libdir=/usr/lib --enable-nls --enable-clocale=gnu --enable-libstdcxx-debug --enable-libstdcxx-time=yes --with-default-libstdcxx-abi=new --enable-gnu-unique-object --disable-vtable-verify --enable-plugin --enable-default-pie --with-system-zlib --enable-libphobos-checking=release --with-target-system-zlib=auto --enable-objc-gc=auto --enable-multiarch --disable-werror --enable-cet --with-arch-32=i686 --with-abi=m64 --with-multilib-list=m32,m64,mx32 --enable-multilib --with-tune=generic --enable-offload-targets=nvptx-none=/build/gcc-12-ALHxjy/gcc-12-12.3.0/debian/tmp-nvptx/usr,amdgcn-amdhsa=/build/gcc-12-ALHxjy/gcc-12-12.3.0/debian/tmp-gcn/usr --enable-offload-defaulted --without-cuda-driver --enable-checking=release --build=x86_64-linux-gnu --host=x86_64-linux-gnu --target=x86_64-linux-gnu
Thread model: posix
Supported LTO compression algorithms: zlib zstd
gcc version 12.3.0 (Ubuntu 12.3.0-1ubuntu1~22.04) 
... rest of stderr output deleted ...
configure:5121: $? = 0
configure:5110: gcc -V >&5
gcc: error: unrecognized command-line option '-V'
gcc: fatal error: no input files
compilation terminated.
configure:5121: $? = 1
configure:5110: gcc -qversion >&5
gcc: error: unrecognized command-line option '-qversion'; did you mean '--version'?
gcc: fatal error: no input files
compilation terminated.
configure:5121: $? = 1
configure:5110: gcc -version >&5
gcc: error: unrecognized command-line option '-version'
gcc: fatal error: no input files
compilation terminated.
configure:5121: $? = 1
configure:5125: checking whether the compiler supports GNU C
configure:5155: result: yes
configure:5166: checking whether gcc accepts -g
configure:5231: result: yes
configure:5251: checking for gcc option to enable C11 features
configure:5284: result: none needed
configure:5400: checking whether gcc understands -c and -o together
configure:5438: result: yes
configure:5457: checking dependency style of gcc
configure:5569: result: gcc3
configure:5631: checking how to print strings
configure:5658: result: printf
configure:5679: checking for a sed that does not truncate output
configure:5749: result: /usr/bin/sed
configure:5767: checking for grep that handles long lines and -e
configure:5831: result: /usr/bin/grep
configure:5836: checking for egrep
configure:5904: result: /usr/bin/grep -E
configure:5909: checking for fgrep
configure:5977: result: /usr/bin/grep -F
configure:6013: checking for ld used by gcc
configure:6081: result: /usr/bin/ld
configure:6088: checking if the linker (/usr/bin/ld) is GNU ld
configure:6104: result: yes
configure:6116: checking for BSD- or MS-compatible name lister (nm)
configure:6171: result: /usr/bin/nm -B
configure:6311: checking the name lister (/usr/bin/nm -B) interface
configure:6319: gcc -c -g -O2  conftest.c >&5
configure:6322: /usr/bin/nm -B "conftest.o"
configure:6325: output
0000000000000000 B some_variable
configure:6332: result: BSD nm
configure:6335: checking whether ln -s works
configure:6339: result: yes
configure:6347: checking the maximum length of command line arguments
configure:6479: result: 1572864
configure:6527: checking how to convert x86_64-pc-linux-gnu file names to x86_64-pc-linux-gnu format
configure:6568: result: func_convert_file_noop
configure:6575: checking how to convert x86_64-pc-linux-gnu file names to toolchain format
configure:6596: result: func_convert_file_noop
configure:6603: checking for /usr/bin/ld option to reload object files
configure:6611: result: -r
configure:6690: checking for file
configure:6711: found /usr/bin/file
configure:6722: result: file
configure:6798: checking for objdump
configure:6819: found /usr/bin/objdump
configure:6830: result: objdump
configure:6862: checking how to recognize dependent libraries
configure:7063: result: pass_all
configure:7153: checking for dlltool
configure:7188: result: no
configure:7218: checking how to associate runtime and link libraries
configure:7246: result: printf %s\n
configure:7396: checking for archiver @FILE support
configure:7414: gcc -c -g -O2  conftest.c >&5
configure:7414: $? = 0
configure:7418: ar cr libconftest.a @conftest.lst >&5
configure:7421: $? = 0
configure:7426: ar cr libconftest.a @conftest.lst >&5
ar: conftest.o: No such file or directory
configure:7429: $? = 1
configure:7441: result: @
configure:7504: checking for strip
configure:7525: found /usr/bin/strip
configure:7536: result: strip
configure:7613: checking for ranlib
configure:7634: found /usr/bin/ranlib
configure:7645: result: ranlib
configure:7747: checking command to parse /usr/bin/nm -B output from gcc object
configure:7901: gcc -c -g -O2  conftest.c >&5
configure:7904: $? = 0
configure:7908: /usr/bin/nm -B conftest.o | /usr/bin/sed -n -e 's/^.*[	 ]\([ABCDGIRSTW][ABCDGIRSTW]*\)[	 ][	 ]*\([_A-Za-z][_A-Za-z0-9]*\)$/\1 \2 \2/p' | /usr/bin/sed '/ __gnu_lto/d' > conftest.nm
configure:7974: gcc -o conftest -g -O2   conftest.c conftstm.o >&5
configure:7977: $? = 0
configure:8015: result: ok
configure:8062: checking for sysroot
configure:8093: result: no
configure:8100: checking for a working dd
configure:8144: result: /usr/bin/dd
configure:8148: checking how to truncate binary pipes
configure:8164: result: /usr/bin/dd bs=4096 count=1
configure:8301: gcc -c -g -O2  conftest.c >&5
configure:8304: $? = 0
configure:8501: checking for mt
configure:8522: found /usr/bin/mt
configure:8533: result: mt
configure:8556: checking if mt is a manifest tool
configure:8563: mt '-?'
configure:8571: result: no
configure:9296: checking for stdio.h
configure:9296: gcc -c -g -O2  conftest.c >&5
configure:9296: $? = 0
configure:9296: result: yes
configure:9296: checking for stdlib.h
configure:9296: gcc -c -g -O2  conftest.c >&5
configure:9296: $? = 0
configure:9296: result: yes
configure:9296: checking for string.h
configure:9296: gcc -c -g -O2  conftest.c >&5
configure:9296: $? = 0
configure:9296: result: yes
configure:9296: checking for inttypes.h
configure:9296: gcc -c -g -O2  conftest.c >&5
configure:9296: $? = 0
configure:9296: result: yes
configure:9296: checking for stdint.h
configure:9296: gcc -c -g -O2  conftest.c >&5
configure:9296: $? = 0
configure:9296: result: yes
configure:9296: checking for strings.h
configure:9296: gcc -c -g -O2  conftest.c >&5
configure:9296: $? = 0
configure:9296: result: yes
configure:9296: checking for sys/stat.h
configure:9296: gcc -c -g -O2  conftest.c >&5
configure:9296: $? = 0
configure:9296: result: yes
configure:9296: checking for sys/types.h
configure:9296: gcc -c -g -O2  conftest.c >&5
configure:9296: $? = 0
configure:9296: result: yes
configure:9296: checking for unistd.h
configure:9296: gcc -c -g -O2  conftest.c >&5
configure:9296: $? = 0
configure:9296: result: yes
configure:9321: checking for dlfcn.h
configure:9321: gcc -c -g -O2  conftest.c >&5
configure:9321: $? = 0
configure:9321: result: yes
configure:9580: checking for objdir
configure:9596: result: .libs
configure:9860: checking if gcc supports -fno-rtti -fno-exceptions
configure:9879: gcc -c -g -O2  -fno-rtti -fno-exceptions conftest.c >&5
cc1: warning: command-line option '-fno-rtti' is valid for C++/D/ObjC++ but not for C
configure:9883: $? = 0
configure:9896: result: no
configure:10260: checking for gcc option to produce PIC
configure:10268: result: -fPIC -DPIC
configure:10276: checking if gcc PIC flag -fPIC -DPIC works
configure:10295: gcc -c -g -O2  -fPIC -DPIC -DPIC conftest.c >&5
configure:10299: $? = 0
configure:10312: result: yes
configure:10341: checking if gcc static flag -static works
configure:10370: result: yes
configure:10385: checking if gcc supports -c -o file.o
configure:10407: gcc -c -g -O2  -o out/conftest2.o conftest.c >&5
configure:10411: $? = 0
configure:10433: result: yes
configure:10441: checking if gcc supports -c -o file.o
configure:10489: result: yes
configure:10522: checking whether the gcc linker (/usr/bin/ld -m elf_x86_64) supports shared libraries
configure:11796: result: yes
configure:11833: checking whether -lc should be explicitly linked in
configure:11842: gcc -c -g -O2  conftest.c >&5
configure:11845: $? = 0
configure:11860: gcc -shared  -fPIC -DPIC conftest.o  -v -Wl,-soname -Wl,conftest -o conftest 2\>\&1 \| /usr/bin/grep  -lc  \>/dev/null 2\>\&1
configure:11863: $? = 0
configure:11877: result: no
configure:12037: checking dynamic linker characteristics
configure:12619: gcc -o conftest -g -O2   -Wl,-rpath -Wl,/foo conftest.c  >&5
configure:12619: $? = 0
configure:12870: result: GNU/Linux ld.so
configure:12992: checking how to hardcode library paths into programs
configure:13017: result: immediate
configure:13569: checking whether stripping libraries is possible
configure:13578: result: yes
configure:13620: checking if libtool supports shared libraries
configure:13622: result: yes
configure:13625: checking whether to build shared libraries
configure:13650: result: yes
configure:13653: checking whether to build static libraries
configure:13657: result: yes
configure:13755: checking for pkg-config
configure:13778: found /usr/bin/pkg-config
configure:13790: result: /usr/bin/pkg-config
configure:13815: checking pkg-config is at least version 0.9.0
configure:13818: result: yes
configure:13845: checking whether to enable assertions
configure:13866: result: yes
configure:13869: checking for fuse.h
configure:13869: gcc -c -g -O2 -D_FILE_OFFSET_BITS=64 -std=gnu99  conftest.c >&5
configure:13869: $? = 0
configure:13869: result: yes
configure:13877: checking for nfsc/libnfs.h
configure:13877: gcc -c -g -O2 -D_FILE_OFFSET_BITS=64 -std=gnu99  conftest.c >&5
configure:13877: $? = 0
configure:13877: result: yes
configure:13886: checking for st_atim support
configure:13907: gcc -c -g -O2 -D_FILE_OFFSET_BITS=64 -std=gnu99  conftest.c >&5
configure:13907: $? = 0
configure:13915: result: yes
configure:13923: checking for library containing fuse_get_context
configure:13953: gcc -o conftest -g -O2 -D_FILE_OFFSET_BITS=64 -std=gnu99   conftest.c  >&5
/usr/bin/ld: /tmp/ccYUGWOm.o: in function `main':
/home/hanjun/develop/yourfs_backup/conftest.c:32: undefined reference to `fuse_get_context'
collect2: error: ld returned 1 exit status
configure:13953: $? = 1
configure: failed program was:
| /* confdefs.h */
| #define PACKAGE_NAME "yourfs"
| #define PACKAGE_TARNAME "yourfs"
| #define PACKAGE_VERSION "1.0.0"
| #define PACKAGE_STRING "yourfs 1.0.0"
| #define PACKAGE_BUGREPORT "hanjun@nao.cas.cn"
| #define PACKAGE_URL ""
| #define PACKAGE "yourfs"
| #define VERSION "1.0.0"
| #define HAVE_STDIO_H 1
| #define HAVE_STDLIB_H 1
| #define HAVE_STRING_H 1
| #define HAVE_INTTYPES_H 1
| #define HAVE_STDINT_H 1
| #define HAVE_STRINGS_H 1
| #define HAVE_SYS_STAT_H 1
| #define HAVE_SYS_TYPES_H 1
| #define HAVE_UNISTD_H 1
| #define STDC_HEADERS 1
| #define HAVE_DLFCN_H 1
| #define LT_OBJDIR ".libs/"
| #define HAVE_ST_ATIM 1
| /* end confdefs.h.  */
| 
| /* Override any GCC internal prototype to avoid an error.
|    Use char because int might match the return type of a GCC
|    builtin and then its argument prototype would still apply.  */
| char fuse_get_context ();
| int
| main (void)
| {
| return fuse_get_context ();
|   ;
|   return 0;
| }
configure:13953: gcc -o conftest -g -O2 -D_FILE_OFFSET_BITS=64 -std=gnu99   conftest.c -lfuse   >&5
configure:13953: $? = 0
configure:13973: result: -lfuse
configure:14025: checking for postgresql/libpq-fe.h
configure:14025: gcc -c -g -O2 -D_FILE_OFFSET_BITS=64 -std=gnu99  conftest.c >&5
configure:14025: $? = 0
configure:14025: result: yes
configure:14107: checking for sqlite3.h
configure:14107: gcc -c -g -O2 -D_FILE_OFFSET_BITS=64 -std=gnu99  conftest.c >&5
configure:14107: $? = 0
configure:14107: result: yes
configure:14239: checking that generated files are newer than configure
configure:14245: result: done
configure:14272: creating ./config.status

## ---------------------- ##
## Running config.status. ##
## ---------------------- ##

This file was extended by yourfs config.status 1.0.0, which was
generated by GNU Autoconf 2.71.  Invocation command line was

  CONFIG_FILES    = 
  CONFIG_HEADERS  = 
  CONFIG_LINKS    = 
  CONFIG_COMMANDS = 
  $ ./config.status 

on hanjun

config.status:1098: creating Makefile
config.status:1098: creating yourfs/Makefile
config.status:1098: creating yourfs.pc
config.status:1098: creating config.h
config.status:1327: executing depfiles commands
config.status:1404: cd yourfs       && sed -e '/# am--include-marker/d' Makefile         | make -f - am--depfiles
make: Nothing to be done for 'am--depfiles'.
config.status:1409: $? = 0
config.status:1327: executing libtool commands

## ---------------- ##
## Cache variables. ##
## ---------------- ##

ac_cv_build=x86_64-pc-linux-gnu
ac_cv_c_compiler_gnu=yes
ac_cv_env_CC_set=
ac_cv_env_CC_value=
ac_cv_env_CFLAGS_set=
ac_cv_env_CFLAGS_value=
ac_cv_env_CPPFLAGS_set=
ac_cv_env_CPPFLAGS_value=
ac_cv_env_LDFLAGS_set=
ac_cv_env_LDFLAGS_value=
ac_cv_env_LIBS_set=
ac_cv_env_LIBS_value=
ac_cv_env_LT_SYS_LIBRARY_PATH_set=
ac_cv_env_LT_SYS_LIBRARY_PATH_value=
ac_cv_env_PKG_CONFIG_LIBDIR_set=
ac_cv_env_PKG_CONFIG_LIBDIR_value=
ac_cv_env_PKG_CONFIG_PATH_set=
ac_cv_env_PKG_CONFIG_PATH_value=
ac_cv_env_PKG_CONFIG_set=
ac_cv_env_PKG_CONFIG_value=
ac_cv_env_build_alias_set=
ac_cv_env_build_alias_value=
ac_cv_env_host_alias_set=
ac_cv_env_host_alias_value=
ac_cv_env_target_alias_set=
ac_cv_env_target_alias_value=
ac_cv_header_dlfcn_h=yes
ac_cv_header_fuse_h=yes
ac_cv_header_inttypes_h=yes
ac_cv_header_nfsc_libnfs_h=yes
ac_cv_header_postgresql_libpq_fe_h=yes
ac_cv_header_sqlite3_h=yes
ac_cv_header_stdint_h=yes
ac_cv_header_stdio_h=yes
ac_cv_header_stdlib_h=yes
ac_cv_header_string_h=yes
ac_cv_header_strings_h=yes
ac_cv_header_sys_stat_h=yes
ac_cv_header_sys_types_h=yes
ac_cv_header_unistd_h=yes
ac_cv_host=x86_64-pc-linux-gnu
ac_cv_objext=o
ac_cv_path_EGREP='/usr/bin/grep -E'
ac_cv_path_FGREP='/usr/bin/grep -F'
ac_cv_path_GREP=/usr/bin/grep
ac_cv_path_SED=/usr/bin/sed
ac_cv_path_ac_pt_PKG_CONFIG=/usr/bin/pkg-config
ac_cv_path_install='/usr/bin/install -c'
ac_cv_path_lt_DD=/usr/bin/dd
ac_cv_path_mkdir=/usr/bin/mkdir
ac_cv_prog_AWK=mawk
ac_cv_prog_ac_ct_AR=ar
ac_cv_prog_ac_ct_CC=gcc
ac_cv_prog_ac_ct_FILECMD=file
ac_cv_prog_ac_ct_MANIFEST_TOOL=mt
ac_cv_prog_ac_ct_OBJDUMP=objdump
ac_cv_prog_ac_ct_RANLIB=ranlib
ac_cv_prog_ac_ct_STRIP=strip
ac_cv_prog_cc_c11=
ac_cv_prog_cc_g=yes
ac_cv_prog_cc_stdc=
ac_cv_prog_make_make_set=yes
ac_cv_search_fuse_get_context=-lfuse
am_cv_CC_dependencies_compiler_type=gcc3
am_cv_ar_interface=ar
am_cv_make_support_nested_variables=yes
am_cv_prog_cc_c_o=yes
libiscsi_cv_HAVE_ST_ATIM=yes
lt_cv_ar_at_file=@
lt_cv_archive_cmds_need_lc=no
lt_cv_deplibs_check_method=pass_all
lt_cv_file_magic_cmd='$MAGIC_CMD'
lt_cv_file_magic_test_file=
lt_cv_ld_reload_flag=-r
lt_cv_nm_interface='BSD nm'
lt_cv_objdir=.libs
lt_cv_path_LD=/usr/bin/ld
lt_cv_path_NM='/usr/bin/nm -B'
lt_cv_path_mainfest_tool=no
lt_cv_prog_compiler_c_o=yes
lt_cv_prog_compiler_pic='-fPIC -DPIC'
lt_cv_prog_compiler_pic_works=yes
lt_cv_prog_compiler_rtti_exceptions=no
lt_cv_prog_compiler_static_works=yes
lt_cv_prog_gnu_ld=yes
lt_cv_sharedlib_from_linklib_cmd='printf %s\n'
lt_cv_shlibpath_overrides_runpath=yes
lt_cv_sys_global_symbol_pipe='/usr/bin/sed -n -e '\''s/^.*[	 ]\([ABCDGIRSTW][ABCDGIRSTW]*\)[	 ][	 ]*\([_A-Za-z][_A-Za-z0-9]*\)$/\1 \2 \2/p'\'' | /usr/bin/sed '\''/ __gnu_lto/d'\'''
lt_cv_sys_global_symbol_to_c_name_address='/usr/bin/sed -n -e '\''s/^: \(.*\) .*$/  {"\1", (void *) 0},/p'\'' -e '\''s/^[ABCDGIRSTW][ABCDGIRSTW]* .* \(.*\)$/  {"\1", (void *) \&\1},/p'\'''
lt_cv_sys_global_symbol_to_c_name_address_lib_prefix='/usr/bin/sed -n -e '\''s/^: \(.*\) .*$/  {"\1", (void *) 0},/p'\'' -e '\''s/^[ABCDGIRSTW][ABCDGIRSTW]* .* \(lib.*\)$/  {"\1", (void *) \&\1},/p'\'' -e '\''s/^[ABCDGIRSTW][ABCDGIRSTW]* .* \(.*\)$/  {"lib\1", (void *) \&\1},/p'\'''
lt_cv_sys_global_symbol_to_cdecl='/usr/bin/sed -n -e '\''s/^T .* \(.*\)$/extern int \1();/p'\'' -e '\''s/^[ABCDGIRSTW][ABCDGIRSTW]* .* \(.*\)$/extern char \1;/p'\'''
lt_cv_sys_global_symbol_to_import=
lt_cv_sys_max_cmd_len=1572864
lt_cv_to_host_file_cmd=func_convert_file_noop
lt_cv_to_tool_file_cmd=func_convert_file_noop
lt_cv_truncate_bin='/usr/bin/dd bs=4096 count=1'

## ----------------- ##
## Output variables. ##
## ----------------- ##

ACLOCAL='${SHELL} '\''/home/hanjun/develop/yourfs_backup/missing'\'' aclocal-1.16'
AMDEPBACKSLASH='\'
AMDEP_FALSE='#'
AMDEP_TRUE=''
AMTAR='$${TAR-tar}'
AM_BACKSLASH='\'
AM_DEFAULT_V='$(AM_DEFAULT_VERBOSITY)'
AM_DEFAULT_VERBOSITY='1'
AM_V='$(V)'
AR='ar'
AUTOCONF='${SHELL} '\''/home/hanjun/develop/yourfs_backup/missing'\'' autoconf'
AUTOHEADER='${SHELL} '\''/home/hanjun/develop/yourfs_backup/missing'\'' autoheader'
AUTOMAKE='${SHELL} '\''/home/hanjun/develop/yourfs_backup/missing'\'' automake-1.16'
AWK='mawk'
CC='gcc'
CCDEPMODE='depmode=gcc3'
CFLAGS='-g -O2 -D_FILE_OFFSET_BITS=64 -std=gnu99'
CPPFLAGS=''
CSCOPE='cscope'
CTAGS='ctags'
CYGPATH_W='echo'
DEFS='-DHAVE_CONFIG_H'
DEPDIR='.deps'
DLLTOOL='false'
DSYMUTIL=''
DUMPBIN=''
ECHO_C=''
ECHO_N='-n'
ECHO_T=''
EGREP='/usr/bin/grep -E'
ETAGS='etags'
EXEEXT=''
FGREP='/usr/bin/grep -F'
FILECMD='file'
GREP='/usr/bin/grep'
INSTALL_DATA='${INSTALL} -m 644'
INSTALL_PROGRAM='${INSTALL}'
INSTALL_SCRIPT='${INSTALL}'
INSTALL_STRIP_PROGRAM='$(install_sh) -c -s'
LD='/usr/bin/ld -m elf_x86_64'
LDFLAGS=''
LIBOBJS=''
LIBS='-lfuse '
LIBTOOL='$(SHELL) $(top_builddir)/libtool'
LIPO=''
LN_S='ln -s'
LTLIBOBJS=''
LT_SYS_LIBRARY_PATH=''
MAKEINFO='${SHELL} '\''/home/hanjun/develop/yourfs_backup/missing'\'' makeinfo'
MANIFEST_TOOL=':'
MKDIR_P='/usr/bin/mkdir -p'
NM='/usr/bin/nm -B'
NMEDIT=''
OBJDUMP='objdump'
OBJEXT='o'
OTOOL64=''
OTOOL=''
PACKAGE='yourfs'
PACKAGE_BUGREPORT='hanjun@nao.cas.cn'
PACKAGE_NAME='yourfs'
PACKAGE_STRING='yourfs 1.0.0'
PACKAGE_TARNAME='yourfs'
PACKAGE_URL=''
PACKAGE_VERSION='1.0.0'
PATH_SEPARATOR=':'
PKG_CONFIG='/usr/bin/pkg-config'
PKG_CONFIG_LIBDIR=''
PKG_CONFIG_PATH=''
POSTGRES='-lpq'
RANLIB='ranlib'
SED='/usr/bin/sed'
SET_MAKE=''
SHELL='/bin/bash'
SQLITE3='-lsqlite3'
STRIP='strip'
VERSION='1.0.0'
WARN_CFLAGS='-Wall -Werror -Wshadow -Wno-write-strings -Wstrict-prototypes -Wpointer-arith -Wcast-align -Wno-strict-aliasing'
ac_ct_AR='ar'
ac_ct_CC='gcc'
ac_ct_DUMPBIN=''
am__EXEEXT_FALSE=''
am__EXEEXT_TRUE='#'
am__fastdepCC_FALSE='#'
am__fastdepCC_TRUE=''
am__include='include'
am__isrc=''
am__leading_dot='.'
am__nodep='_no'
am__quote=''
am__tar='$${TAR-tar} chof - "$$tardir"'
am__untar='$${TAR-tar} xf -'
bindir='${exec_prefix}/bin'
build='x86_64-pc-linux-gnu'
build_alias=''
build_cpu='x86_64'
build_os='linux-gnu'
build_vendor='pc'
datadir='${datarootdir}'
datarootdir='${prefix}/share'
docdir='${datarootdir}/doc/${PACKAGE_TARNAME}'
dvidir='${docdir}'
exec_prefix='${prefix}'
host='x86_64-pc-linux-gnu'
host_alias=''
host_cpu='x86_64'
host_os='linux-gnu'
host_vendor='pc'
htmldir='${docdir}'
includedir='${prefix}/include'
infodir='${datarootdir}/info'
install_sh='${SHELL} /home/hanjun/develop/yourfs_backup/install-sh'
libdir='${exec_prefix}/lib'
libexecdir='${exec_prefix}/libexec'
localedir='${datarootdir}/locale'
localstatedir='${prefix}/var'
mandir='${datarootdir}/man'
mkdir_p='$(MKDIR_P)'
oldincludedir='/usr/include'
pdfdir='${docdir}'
prefix='/usr/local'
program_transform_name='s,x,x,'
psdir='${docdir}'
runstatedir='${localstatedir}/run'
sbindir='${exec_prefix}/sbin'
sharedstatedir='${prefix}/com'
sysconfdir='${prefix}/etc'
target_alias=''

## ----------- ##
## confdefs.h. ##
## ----------- ##

/* confdefs.h */
#define PACKAGE_NAME "yourfs"
#define PACKAGE_TARNAME "yourfs"
#define PACKAGE_VERSION "1.0.0"
#define PACKAGE_STRING "yourfs 1.0.0"
#define PACKAGE_BUGREPORT "hanjun@nao.cas.cn"
#define PACKAGE_URL ""
#define PACKAGE "yourfs"
#define VERSION "1.0.0"
#define HAVE_STDIO_H 1
#define HAVE_STDLIB_H 1
#define HAVE_STRING_H 1
#define HAVE_INTTYPES_H 1
#define HAVE_STDINT_H 1
#define HAVE_STRINGS_H 1
#define HAVE_SYS_STAT_H 1
#define HAVE_SYS_TYPES_H 1
#define HAVE_UNISTD_H 1
#define STDC_HEADERS 1
#define HAVE_DLFCN_H 1
#define LT_OBJDIR ".libs/"
#define HAVE_ST_ATIM 1
#define WITH_POSTGRES "yes"
#define WITH_PLAT "ubuntu"
#define UBUNTU 1
#define POSTGRES 1
#define WITH_PASSWD "no"
#define WITH_SQLITE3 "yes"
#define SQLITE3 1

configure: exit 0
